JvmtiExport can_access_local_variables 0
JvmtiExport can_hotswap_or_post_breakpoint 0
JvmtiExport can_post_on_exceptions 0
# 488 ciObject found
ciMethod java/lang/Object <init> ()V 4097 1 195526 0 0
ciMethod java/lang/Object hashCode ()I 2049 1 256 0 -1
ciMethod java/lang/Object equals (Ljava/lang/Object;)Z 2177 1 3869 0 -1
ciMethod java/lang/String <init> ([CII)V 3089 1 5569 0 736
ciMethod java/lang/String <init> ([CZ)V 2065 1 8835 0 0
ciMethod java/lang/String length ()I 4097 1 61804 0 64
ciMethod java/lang/String charAt (I)C 4097 1 254656 0 -1
ciMethod java/lang/String codePointAt (I)I 0 0 224 0 -1
ciMethod java/lang/String getChars ([CI)V 2049 1 5418 0 0
ciMethod java/lang/String equals (Ljava/lang/Object;)Z 4097 13209 4292 0 -1
ciMethod java/lang/String equalsIgnoreCase (Ljava/lang/String;)Z 2329 1 5478 0 1600
ciMethod java/lang/String regionMatches (ZILjava/lang/String;II)Z 2193 7153 3927 0 0
ciMethod java/lang/String startsWith (Ljava/lang/String;I)Z 2457 2353 5645 0 256
ciMethod java/lang/String startsWith (Ljava/lang/String;)Z 3329 1 16371 0 -1
ciMethod java/lang/String endsWith (Ljava/lang/String;)Z 2137 1 8999 0 0
ciMethod java/lang/String hashCode ()I 3049 32769 1394 0 288
ciMethod java/lang/String lastIndexOf (I)I 2057 1 7182 0 0
ciMethod java/lang/String lastIndexOf (II)I 833 25849 785 0 288
ciMethod java/lang/String lastIndexOfSupplementary (II)I 0 0 1 0 -1
ciMethod java/lang/String indexOf (Ljava/lang/String;)I 2049 1 3817 0 -1
ciMethod java/lang/String substring (II)Ljava/lang/String; 2073 1 5481 0 992
ciMethod java/lang/String concat (Ljava/lang/String;)Ljava/lang/String; 2049 1 5406 0 896
ciMethod java/lang/String replace (CC)Ljava/lang/String; 1041 49353 988 0 1152
ciMethod java/lang/String toUpperCase (Ljava/util/Locale;)Ljava/lang/String; 897 25945 898 0 -1
ciMethod java/lang/String toCharArray ()[C 3113 1 8365 0 0
ciMethod java/lang/ClassLoader definePackage (Ljava/lang/String;Ljava/lang/String;Ljava/lang/String;Ljava/lang/String;Ljava/lang/String;Ljava/lang/String;Ljava/lang/String;Ljava/net/URL;)Ljava/lang/Package; 465 1 205 0 -1
ciMethod java/lang/ClassLoader getPackage (Ljava/lang/String;)Ljava/lang/Package; 2049 1 2603 0 0
ciMethod java/lang/System nanoTime ()J 2049 1 256 0 -1
ciMethod java/lang/System arraycopy (Ljava/lang/Object;ILjava/lang/Object;II)V 11265 1 1408 0 -1
ciMethod java/lang/Throwable addSuppressed (Ljava/lang/Throwable;)V 0 0 1 0 -1
ciMethod java/security/SecureClassLoader defineClass (Ljava/lang/String;[BIILjava/security/CodeSource;)Ljava/lang/Class; 2129 1 1602 0 -1
ciMethod java/security/SecureClassLoader defineClass (Ljava/lang/String;Ljava/nio/ByteBuffer;Ljava/security/CodeSource;)Ljava/lang/Class; 0 0 1 0 -1
ciMethod java/lang/ref/Reference get ()Ljava/lang/Object; 2137 1 267 0 -1
ciMethod java/lang/ref/Reference <init> (Ljava/lang/Object;)V 1697 1 1146 0 0
ciMethod java/lang/ref/Reference <init> (Ljava/lang/Object;Ljava/lang/ref/ReferenceQueue;)V 2065 1 8262 0 0
ciMethod java/lang/ref/SoftReference <init> (Ljava/lang/Object;)V 1561 1 559 0 0
ciMethod java/lang/ref/SoftReference get ()Ljava/lang/Object; 2137 1 6548 0 0
ciMethod java/lang/ref/WeakReference <init> (Ljava/lang/Object;Ljava/lang/ref/ReferenceQueue;)V 2201 1 3504 0 0
ciMethod java/lang/ref/ReferenceQueue reallyPoll ()Ljava/lang/ref/Reference; 9 1 2975 0 -1
ciMethod java/lang/ref/ReferenceQueue poll ()Ljava/lang/ref/Reference; 3089 1 7632 0 768
ciMethod java/lang/Thread currentThread ()Ljava/lang/Thread; 2049 1 256 0 -1
ciMethod java/lang/Thread interrupt ()V 0 0 1 0 -1
ciMethod java/lang/Thread interrupted ()Z 2049 1 2191 0 -1
ciMethod java/util/Map get (Ljava/lang/Object;)Ljava/lang/Object; 0 0 1 0 -1
ciMethod java/util/Map put (Ljava/lang/Object;Ljava/lang/Object;)Ljava/lang/Object; 0 0 1 0 -1
ciMethod sun/misc/Unsafe ensureClassInitialized (Ljava/lang/Class;)V 17 1 2 0 -1
ciMethod java/io/InputStream <init> ()V 2049 1 3627 0 0
ciMethod java/io/InputStream read ([BII)I 0 0 1 0 -1
ciMethod java/io/InputStream close ()V 0 0 1 0 -1
ciMethod java/io/File <init> (Ljava/io/File;Ljava/lang/String;)V 457 1 57 0 -1
ciMethod java/io/File getPath ()Ljava/lang/String; 1113 1 139 0 -1
ciMethod java/io/File getCanonicalFile ()Ljava/io/File; 209 1 26 0 -1
ciMethod java/io/File exists ()Z 945 1 118 0 -1
ciMethod java/net/URLClassLoader getAndVerifyPackage (Ljava/lang/String;Ljava/util/jar/Manifest;Ljava/net/URL;)Ljava/lang/Package; 3073 1 1602 0 0
ciMethod java/net/URLClassLoader definePackageInternal (Ljava/lang/String;Ljava/util/jar/Manifest;Ljava/net/URL;)V 2129 1 1602 0 0
ciMethod java/net/URLClassLoader defineClass (Ljava/lang/String;Lsun/misc/Resource;)Ljava/lang/Class; 1105 1 1602 0 0
ciMethod java/net/URLClassLoader definePackage (Ljava/lang/String;Ljava/util/jar/Manifest;Ljava/net/URL;)Ljava/lang/Package; 457 1 204 0 0
ciMethod java/net/URLClassLoader isSealed (Ljava/lang/String;Ljava/util/jar/Manifest;)Z 2049 1 1392 0 0
ciMethod java/net/URLClassLoader access$000 (Ljava/net/URLClassLoader;)Lsun/misc/URLClassPath; 1057 1 132 0 0
ciMethod java/net/URLClassLoader access$100 (Ljava/net/URLClassLoader;Ljava/lang/String;Lsun/misc/Resource;)Ljava/lang/Class; 1105 1 1602 0 0
ciMethod java/net/URL <init> (Ljava/net/URL;Ljava/lang/String;)V 2105 1 1923 0 -1
ciMethod java/net/URL getFile ()Ljava/lang/String; 2609 1 326 0 -1
ciMethod java/util/jar/Manifest <init> (Ljava/io/InputStream;)V 137 1 39 0 0
ciMethod java/util/jar/Manifest <init> (Ljava/util/jar/JarVerifier;Ljava/io/InputStream;)V 137 1 39 0 -1
ciMethod java/util/jar/Manifest getMainAttributes ()Ljava/util/jar/Attributes; 1025 1 128 0 0
ciMethod java/util/jar/Manifest getEntries ()Ljava/util/Map; 1025 1 128 0 0
ciMethod java/util/jar/Manifest getAttributes (Ljava/lang/String;)Ljava/util/jar/Attributes; 3113 1 1597 0 0
ciMethod java/util/jar/Manifest getTrustedAttributes (Ljava/lang/String;)Ljava/util/jar/Attributes; 2089 1 1596 0 0
ciMethod java/util/jar/Manifest read (Ljava/io/InputStream;)V 313 9 39 0 -1
ciMethod java/security/CodeSource <init> (Ljava/net/URL;[Ljava/security/CodeSigner;)V 2129 1 1602 0 -1
ciMethod java/nio/Buffer position ()I 1097 1 137 0 -1
ciMethod java/lang/Character isSurrogate (C)Z 1 1 277 0 -1
ciMethod java/lang/Character charCount (I)I 25 1 3014 0 -1
ciMethod java/lang/Character toChars (I[CI)I 0 0 1 0 -1
ciMethod java/lang/Character toChars (I)[C 0 0 1 0 -1
ciMethod java/lang/Character toLowerCase (C)C 2049 1 7674 0 192
ciMethod java/lang/Character toLowerCase (I)I 4097 1 15753 0 0
ciMethod java/lang/Character toUpperCase (C)C 1105 1 6193 0 0
ciMethod java/lang/Character toUpperCase (I)I 1105 1 6193 0 0
ciMethod java/lang/Character toUpperCaseEx (I)I 2369 1 24784 0 -1
ciMethod java/lang/Character toUpperCaseCharArray (I)[C 0 0 1 0 -1
ciMethod java/util/Comparator compare (Ljava/lang/Object;Ljava/lang/Object;)I 0 0 1 0 -1
ciMethod java/util/ArrayList get (I)Ljava/lang/Object; 2001 1 8444 0 -1
ciMethod sun/misc/SharedSecrets javaUtilJarAccess ()Lsun/misc/JavaUtilJarAccess; 2049 1 3243 0 0
ciMethod java/util/HashMap hash (Ljava/lang/Object;)I 3105 1 22285 0 160
ciMethod java/util/HashMap <init> ()V 9545 1 2073 0 -1
ciMethod java/util/HashMap get (Ljava/lang/Object;)Ljava/lang/Object; 3201 1 7631 0 544
ciMethod java/util/HashMap getNode (ILjava/lang/Object;)Ljava/util/HashMap$Node; 2049 9 10570 0 544
ciMethod java/util/HashMap put (Ljava/lang/Object;Ljava/lang/Object;)Ljava/lang/Object; 1193 1 6335 0 -1
ciMethod java/lang/Math min (II)I 4097 1 83121 0 -1
ciMethod java/nio/charset/Charset newEncoder ()Ljava/nio/charset/CharsetEncoder; 0 0 1 0 -1
ciMethod java/util/WeakHashMap maskNull (Ljava/lang/Object;)Ljava/lang/Object; 3081 1 5274 0 0
ciMethod java/util/WeakHashMap eq (Ljava/lang/Object;Ljava/lang/Object;)Z 1065 1 1737 0 -1
ciMethod java/util/WeakHashMap hash (Ljava/lang/Object;)I 3081 1 5274 0 0
ciMethod java/util/WeakHashMap indexFor (II)I 3081 1 5303 0 0
ciMethod java/util/WeakHashMap expungeStaleEntries ()V 3081 1 5275 0 0
ciMethod java/util/WeakHashMap getTable ()[Ljava/util/WeakHashMap$Entry; 3081 1 5274 0 0
ciMethod java/util/WeakHashMap put (Ljava/lang/Object;Ljava/lang/Object;)Ljava/lang/Object; 2049 121 1758 0 0
ciMethod java/util/WeakHashMap resize (I)V 0 0 1 0 -1
ciMethod java/util/Arrays copyOf ([BI)[B 2065 1 10248 0 480
ciMethod java/util/Arrays copyOf ([CI)[C 1761 1 8448 0 0
ciMethod java/util/Arrays copyOfRange ([CII)[C 3409 1 5572 0 512
ciMethod sun/misc/ASCIICaseInsensitiveComparator compare (Ljava/lang/String;Ljava/lang/String;)I 4097 6513 12928 0 -1
ciMethod sun/misc/ASCIICaseInsensitiveComparator lowerCaseHashCode (Ljava/lang/String;)I 1353 21609 519 0 0
ciMethod sun/misc/ASCIICaseInsensitiveComparator toLower (I)I 4097 1 32017 0 -1
ciMethod sun/misc/ASCIICaseInsensitiveComparator compare (Ljava/lang/Object;Ljava/lang/Object;)I 4097 1 12932 0 928
ciMethodData java/lang/String length ()I 2 61804 orig 264 88 131 43 115 0 0 0 0 24 60 216 22 0 0 0 0 32 1 0 0 0 0 0 0 0 0 0 0 0 0 0 0 0 0 0 0 0 0 0 0 0 0 0 0 0 0 0 0 0 0 0 0 0 0 0 0 0 0 0 0 0 0 0 0 0 0 0 0 0 0 0 0 0 0 0 0 0 0 0 0 77 68 79 32 101 120 116 114 97 32 100 97 116 97 32 108 111 99 107 0 0 0 0 0 0 0 0 0 0 0 0 0 0 0 0 0 0 0 0 0 0 0 0 0 0 0 0 0 0 0 0 0 0 0 0 0 0 0 0 0 0 0 0 0 0 0 0 0 0 0 0 0 0 0 0 0 0 0 0 0 0 0 0 0 0 0 0 0 0 0 0 0 0 0 0 0 0 0 0 0 0 0 0 0 1 0 0 0 0 0 0 0 0 0 0 0 0 0 0 0 1 0 0 0 0 0 0 0 0 0 0 0 0 0 0 0 0 2 0 0 97 123 7 0 1 0 0 0 0 0 0 0 0 0 0 0 2 0 0 0 0 0 0 0 0 0 0 0 0 0 0 0 255 255 255 255 0 0 0 0 0 0 0 0 data 0 oops 0
ciMethodData java/lang/Object <init> ()V 2 195526 orig 264 88 131 43 115 0 0 0 0 128 4 216 22 0 0 0 0 32 1 0 0 0 0 0 0 0 0 0 0 0 0 0 0 0 0 0 0 0 0 0 0 0 0 0 0 0 0 0 0 0 0 0 0 0 0 0 0 0 0 0 0 0 0 0 0 0 0 0 0 0 0 0 0 0 0 0 0 0 0 0 0 77 68 79 32 101 120 116 114 97 32 100 97 116 97 32 108 111 99 107 0 0 0 0 0 0 0 0 0 0 0 0 0 0 0 0 0 0 0 0 0 0 0 0 0 0 0 0 0 0 0 0 0 0 0 0 0 0 0 0 0 0 0 0 0 0 0 0 0 0 0 0 0 0 0 0 0 0 0 0 0 0 0 0 0 0 0 0 0 0 0 0 0 0 0 0 0 0 0 0 0 0 0 0 0 1 0 0 0 0 0 0 0 1 0 0 0 0 0 0 0 1 0 0 0 0 0 0 0 0 0 0 0 0 0 0 0 0 2 0 0 49 206 23 0 1 0 0 0 0 0 0 0 0 0 0 0 2 0 0 0 0 0 3 0 1 0 0 0 0 0 0 0 255 255 255 255 0 0 0 0 0 0 0 0 data 0 oops 0
ciMethod java/io/FilterInputStream <init> (Ljava/io/InputStream;)V 2057 1 1865 0 0
ciMethod sun/nio/cs/ArrayEncoder encode ([CII[B)I 0 0 1 0 -1
ciMethod java/nio/charset/CharsetEncoder malformedInputAction ()Ljava/nio/charset/CodingErrorAction; 0 0 1 0 -1
ciMethod java/nio/charset/CharsetEncoder onMalformedInput (Ljava/nio/charset/CodingErrorAction;)Ljava/nio/charset/CharsetEncoder; 313 1 81 0 0
ciMethod java/nio/charset/CharsetEncoder implOnMalformedInput (Ljava/nio/charset/CodingErrorAction;)V 313 1 81 0 -1
ciMethod java/nio/charset/CharsetEncoder onUnmappableCharacter (Ljava/nio/charset/CodingErrorAction;)Ljava/nio/charset/CharsetEncoder; 313 1 81 0 0
ciMethod java/nio/charset/CharsetEncoder implOnUnmappableCharacter (Ljava/nio/charset/CodingErrorAction;)V 313 1 81 0 -1
ciMethod java/nio/charset/CharsetEncoder maxBytesPerChar ()F 2089 1 6504 0 0
ciMethod java/nio/charset/CharsetEncoder encode (Ljava/nio/CharBuffer;Ljava/nio/ByteBuffer;Z)Ljava/nio/charset/CoderResult; 0 0 2 0 -1
ciMethod java/nio/charset/CharsetEncoder flush (Ljava/nio/ByteBuffer;)Ljava/nio/charset/CoderResult; 0 0 1 0 -1
ciMethod java/nio/charset/CharsetEncoder reset ()Ljava/nio/charset/CharsetEncoder; 2049 1 6417 0 0
ciMethod java/nio/charset/CharsetEncoder implReset ()V 2049 1 6417 0 0
ciMethod java/nio/ByteBuffer wrap ([B)Ljava/nio/ByteBuffer; 41 1 506 0 -1
ciMethod java/nio/CharBuffer wrap ([C)Ljava/nio/CharBuffer; 0 0 1 0 -1
ciMethod java/nio/charset/CoderResult isUnderflow ()Z 281 1 31866 0 -1
ciMethod java/util/WeakHashMap$Entry <init> (Ljava/lang/Object;Ljava/lang/Object;Ljava/lang/ref/ReferenceQueue;ILjava/util/WeakHashMap$Entry;)V 2057 1 1758 0 0
ciMethod sun/misc/MetaIndex mayContain (Ljava/lang/String;)Z 1921 8481 2438 0 -1
ciMethod java/util/Locale getLanguage ()Ljava/lang/String; 385 1 830 0 -1
ciMethod java/lang/CharacterData toLowerCase (I)I 0 0 1 0 -1
ciMethod java/lang/CharacterData toUpperCase (I)I 0 0 1 0 -1
ciMethod java/lang/CharacterData of (I)Ljava/lang/CharacterData; 4097 1 5678 0 96
ciMethod java/lang/CharacterDataLatin1 getProperties (I)I 4097 1 22196 0 0
ciMethod java/lang/CharacterDataLatin1 toLowerCase (I)I 4097 1 5636 0 160
ciMeth